{"/Users/sass/Documents/dev/compass-enterprise-chatbot-mobile/src/components/PromptCard/index.tsx": {"path":"/Users/sass/Documents/dev/compass-enterprise-chatbot-mobile/src/components/PromptCard/index.tsx","statementMap":{"0":{"start":{"line":12,"column":19},"end":{"line":30,"column":1}},"1":{"start":{"line":18,"column":2},"end":{"line":29,"column":4}},"2":{"start":{"line":21,"column":27},"end":{"line":21,"column":40}}},"fnMap":{"0":{"name":"(anonymous_0)","decl":{"start":{"line":12,"column":19},"end":{"line":12,"column":20}},"loc":{"start":{"line":17,"column":35},"end":{"line":30,"column":1}},"line":17},"1":{"name":"(anonymous_1)","decl":{"start":{"line":15,"column":11},"end":{"line":15,"column":12}},"loc":{"start":{"line":15,"column":17},"end":{"line":15,"column":19}},"line":15},"2":{"name":"(anonymous_2)","decl":{"start":{"line":21,"column":21},"end":{"line":21,"column":22}},"loc":{"start":{"line":21,"column":27},"end":{"line":21,"column":40}},"line":21}},"branchMap":{"0":{"loc":{"start":{"line":13,"column":2},"end":{"line":13,"column":12}},"type":"default-arg","locations":[{"start":{"line":13,"column":10},"end":{"line":13,"column":12}}],"line":13},"1":{"loc":{"start":{"line":14,"column":2},"end":{"line":14,"column":14}},"type":"default-arg","locations":[{"start":{"line":14,"column":12},"end":{"line":14,"column":14}}],"line":14},"2":{"loc":{"start":{"line":15,"column":2},"end":{"line":15,"column":19}},"type":"default-arg","locations":[{"start":{"line":15,"column":11},"end":{"line":15,"column":19}}],"line":15}},"s":{"0":1,"1":2,"2":1},"f":{"0":2,"1":0,"2":1},"b":{"0":[0],"1":[2],"2":[0]},"_coverageSchema":"1a1c01bbd47fc00a2c39e90264f33305004495a9","hash":"b41063d3c19443d27383409ba0ee0425b8d877d3"}
,"/Users/sass/Documents/dev/compass-enterprise-chatbot-mobile/src/components/custom/CustomText.tsx": {"path":"/Users/sass/Documents/dev/compass-enterprise-chatbot-mobile/src/components/custom/CustomText.tsx","statementMap":{"0":{"start":{"line":18,"column":19},"end":{"line":18,"column":52}},"1":{"start":{"line":18,"column":37},"end":{"line":18,"column":51}},"2":{"start":{"line":20,"column":2},"end":{"line":29,"column":4}}},"fnMap":{"0":{"name":"CustomText","decl":{"start":{"line":12,"column":9},"end":{"line":12,"column":19}},"loc":{"start":{"line":17,"column":36},"end":{"line":30,"column":1}},"line":17},"1":{"name":"(anonymous_1)","decl":{"start":{"line":18,"column":28},"end":{"line":18,"column":29}},"loc":{"start":{"line":18,"column":37},"end":{"line":18,"column":51}},"line":18}},"branchMap":{"0":{"loc":{"start":{"line":25,"column":8},"end":{"line":25,"column":54}},"type":"cond-expr","locations":[{"start":{"line":25,"column":28},"end":{"line":25,"column":39}},{"start":{"line":25,"column":42},"end":{"line":25,"column":54}}],"line":25},"1":{"loc":{"start":{"line":26,"column":10},"end":{"line":26,"column":22}},"type":"binary-expr","locations":[{"start":{"line":26,"column":10},"end":{"line":26,"column":16}},{"start":{"line":26,"column":20},"end":{"line":26,"column":22}}],"line":26}},"s":{"0":2,"1":2,"2":2},"f":{"0":2,"1":2},"b":{"0":[2,0],"1":[2,0]},"_coverageSchema":"1a1c01bbd47fc00a2c39e90264f33305004495a9","hash":"9e4185750e9524ae8426a59c845f398051aa403d"}
,"/Users/sass/Documents/dev/compass-enterprise-chatbot-mobile/src/components/custom/CustomTouchableOpacity.tsx": {"path":"/Users/sass/Documents/dev/compass-enterprise-chatbot-mobile/src/components/custom/CustomTouchableOpacity.tsx","statementMap":{"0":{"start":{"line":12,"column":70},"end":{"line":40,"column":1}},"1":{"start":{"line":17,"column":21},"end":{"line":17,"column":47}},"2":{"start":{"line":18,"column":25},"end":{"line":18,"column":41}},"3":{"start":{"line":20,"column":2},"end":{"line":39,"column":4}},"4":{"start":{"line":30,"column":8},"end":{"line":33,"column":9}},"5":{"start":{"line":31,"column":10},"end":{"line":31,"column":59}},"6":{"start":{"line":32,"column":10},"end":{"line":32,"column":17}},"7":{"start":{"line":35,"column":8},"end":{"line":35,"column":24}}},"fnMap":{"0":{"name":"(anonymous_0)","decl":{"start":{"line":12,"column":70},"end":{"line":12,"column":71}},"loc":{"start":{"line":16,"column":6},"end":{"line":40,"column":1}},"line":16},"1":{"name":"(anonymous_1)","decl":{"start":{"line":29,"column":15},"end":{"line":29,"column":16}},"loc":{"start":{"line":29,"column":21},"end":{"line":36,"column":7}},"line":29}},"branchMap":{"0":{"loc":{"start":{"line":30,"column":8},"end":{"line":33,"column":9}},"type":"if","locations":[{"start":{"line":30,"column":8},"end":{"line":33,"column":9}},{"start":{},"end":{}}],"line":30}},"s":{"0":1,"1":2,"2":2,"3":2,"4":1,"5":0,"6":0,"7":1},"f":{"0":2,"1":1},"b":{"0":[0,1]},"_coverageSchema":"1a1c01bbd47fc00a2c39e90264f33305004495a9","hash":"f55faf0d016d72097d7544c7d03159ebff6551d7"}
,"/Users/sass/Documents/dev/compass-enterprise-chatbot-mobile/src/stores/index.ts": {"path":"/Users/sass/Documents/dev/compass-enterprise-chatbot-mobile/src/stores/index.ts","statementMap":{"0":{"start":{"line":9,"column":24},"end":{"line":35,"column":1}},"1":{"start":{"line":11,"column":12},"end":{"line":15,"column":5}},"2":{"start":{"line":18,"column":39},"end":{"line":18,"column":51}},"3":{"start":{"line":20,"column":8},"end":{"line":32,"column":9}},"4":{"start":{"line":23,"column":14},"end":{"line":30,"column":29}}},"fnMap":{"0":{"name":"(anonymous_0)","decl":{"start":{"line":11,"column":4},"end":{"line":11,"column":5}},"loc":{"start":{"line":11,"column":12},"end":{"line":15,"column":5}},"line":11},"1":{"name":"(anonymous_1)","decl":{"start":{"line":18,"column":33},"end":{"line":18,"column":34}},"loc":{"start":{"line":18,"column":39},"end":{"line":18,"column":51}},"line":18},"2":{"name":"(anonymous_2)","decl":{"start":{"line":19,"column":18},"end":{"line":19,"column":19}},"loc":{"start":{"line":20,"column":8},"end":{"line":32,"column":9}},"line":20},"3":{"name":"(anonymous_3)","decl":{"start":{"line":22,"column":12},"end":{"line":22,"column":13}},"loc":{"start":{"line":23,"column":14},"end":{"line":30,"column":29}},"line":23}},"branchMap":{},"s":{"0":1,"1":1,"2":1,"3":0,"4":0},"f":{"0":1,"1":1,"2":0,"3":0},"b":{},"_coverageSchema":"1a1c01bbd47fc00a2c39e90264f33305004495a9","hash":"6825ed4f13edbb769df5ba3814bd542ac2b79179"}
,"/Users/sass/Documents/dev/compass-enterprise-chatbot-mobile/src/stores/chatSlice/index.ts": {"path":"/Users/sass/Documents/dev/compass-enterprise-chatbot-mobile/src/stores/chatSlice/index.ts","statementMap":{"0":{"start":{"line":11,"column":50},"end":{"line":37,"column":1}},"1":{"start":{"line":40,"column":31},"end":{"line":125,"column":2}},"2":{"start":{"line":46,"column":22},"end":{"line":125,"column":1}},"3":{"start":{"line":49,"column":4},"end":{"line":49,"column":53}},"4":{"start":{"line":52,"column":4},"end":{"line":52,"column":57}},"5":{"start":{"line":55,"column":4},"end":{"line":55,"column":45}},"6":{"start":{"line":57,"column":34},"end":{"line":57,"column":76}},"7":{"start":{"line":60,"column":4},"end":{"line":60,"column":65}},"8":{"start":{"line":63,"column":4},"end":{"line":63,"column":70}},"9":{"start":{"line":66,"column":4},"end":{"line":66,"column":52}},"10":{"start":{"line":69,"column":4},"end":{"line":69,"column":47}},"11":{"start":{"line":75,"column":4},"end":{"line":79,"column":5}},"12":{"start":{"line":82,"column":4},"end":{"line":82,"column":64}},"13":{"start":{"line":85,"column":4},"end":{"line":96,"column":5}},"14":{"start":{"line":99,"column":4},"end":{"line":118,"column":6}},"15":{"start":{"line":122,"column":4},"end":{"line":122,"column":56}},"16":{"start":{"line":124,"column":4},"end":{"line":124,"column":62}}},"fnMap":{"0":{"name":"(anonymous_0)","decl":{"start":{"line":40,"column":31},"end":{"line":40,"column":32}},"loc":{"start":{"line":46,"column":22},"end":{"line":125,"column":1}},"line":46},"1":{"name":"(anonymous_1)","decl":{"start":{"line":48,"column":21},"end":{"line":48,"column":22}},"loc":{"start":{"line":49,"column":4},"end":{"line":49,"column":53}},"line":49},"2":{"name":"(anonymous_2)","decl":{"start":{"line":51,"column":20},"end":{"line":51,"column":21}},"loc":{"start":{"line":52,"column":4},"end":{"line":52,"column":57}},"line":52},"3":{"name":"(anonymous_3)","decl":{"start":{"line":54,"column":14},"end":{"line":54,"column":15}},"loc":{"start":{"line":55,"column":4},"end":{"line":55,"column":45}},"line":55},"4":{"name":"(anonymous_4)","decl":{"start":{"line":57,"column":14},"end":{"line":57,"column":15}},"loc":{"start":{"line":57,"column":34},"end":{"line":57,"column":76}},"line":57},"5":{"name":"(anonymous_5)","decl":{"start":{"line":59,"column":16},"end":{"line":59,"column":17}},"loc":{"start":{"line":60,"column":4},"end":{"line":60,"column":65}},"line":60},"6":{"name":"(anonymous_6)","decl":{"start":{"line":62,"column":18},"end":{"line":62,"column":19}},"loc":{"start":{"line":63,"column":4},"end":{"line":63,"column":70}},"line":63},"7":{"name":"(anonymous_7)","decl":{"start":{"line":65,"column":17},"end":{"line":65,"column":18}},"loc":{"start":{"line":66,"column":4},"end":{"line":66,"column":52}},"line":66},"8":{"name":"(anonymous_8)","decl":{"start":{"line":68,"column":18},"end":{"line":68,"column":19}},"loc":{"start":{"line":69,"column":4},"end":{"line":69,"column":47}},"line":69},"9":{"name":"(anonymous_9)","decl":{"start":{"line":71,"column":27},"end":{"line":71,"column":28}},"loc":{"start":{"line":75,"column":4},"end":{"line":79,"column":5}},"line":75},"10":{"name":"(anonymous_10)","decl":{"start":{"line":81,"column":23},"end":{"line":81,"column":24}},"loc":{"start":{"line":82,"column":4},"end":{"line":82,"column":64}},"line":82},"11":{"name":"(anonymous_11)","decl":{"start":{"line":84,"column":22},"end":{"line":84,"column":23}},"loc":{"start":{"line":85,"column":4},"end":{"line":96,"column":5}},"line":85},"12":{"name":"(anonymous_12)","decl":{"start":{"line":98,"column":13},"end":{"line":98,"column":14}},"loc":{"start":{"line":98,"column":19},"end":{"line":119,"column":3}},"line":98},"13":{"name":"(anonymous_13)","decl":{"start":{"line":121,"column":19},"end":{"line":121,"column":20}},"loc":{"start":{"line":122,"column":4},"end":{"line":122,"column":56}},"line":122},"14":{"name":"(anonymous_14)","decl":{"start":{"line":123,"column":22},"end":{"line":123,"column":23}},"loc":{"start":{"line":124,"column":4},"end":{"line":124,"column":62}},"line":124}},"branchMap":{},"s":{"0":1,"1":1,"2":1,"3":0,"4":0,"5":0,"6":0,"7":0,"8":0,"9":0,"10":0,"11":0,"12":0,"13":0,"14":0,"15":0,"16":0},"f":{"0":1,"1":0,"2":0,"3":0,"4":0,"5":0,"6":0,"7":0,"8":0,"9":0,"10":0,"11":0,"12":0,"13":0,"14":0},"b":{},"_coverageSchema":"1a1c01bbd47fc00a2c39e90264f33305004495a9","hash":"0da22b30e5090a094871696a40e2aaf8f8471093"}
,"/Users/sass/Documents/dev/compass-enterprise-chatbot-mobile/src/stores/settingSlice/index.ts": {"path":"/Users/sass/Documents/dev/compass-enterprise-chatbot-mobile/src/stores/settingSlice/index.ts","statementMap":{"0":{"start":{"line":4,"column":53},"end":{"line":10,"column":1}},"1":{"start":{"line":12,"column":34},"end":{"line":31,"column":2}},"2":{"start":{"line":18,"column":25},"end":{"line":31,"column":1}},"3":{"start":{"line":20,"column":36},"end":{"line":20,"column":71}},"4":{"start":{"line":22,"column":4},"end":{"line":22,"column":29}},"5":{"start":{"line":23,"column":4},"end":{"line":23,"column":42}},"6":{"start":{"line":25,"column":31},"end":{"line":25,"column":62}},"7":{"start":{"line":26,"column":26},"end":{"line":26,"column":76}},"8":{"start":{"line":28,"column":4},"end":{"line":28,"column":55}},"9":{"start":{"line":30,"column":29},"end":{"line":30,"column":60}}},"fnMap":{"0":{"name":"(anonymous_0)","decl":{"start":{"line":12,"column":34},"end":{"line":12,"column":35}},"loc":{"start":{"line":18,"column":25},"end":{"line":31,"column":1}},"line":18},"1":{"name":"(anonymous_1)","decl":{"start":{"line":20,"column":14},"end":{"line":20,"column":15}},"loc":{"start":{"line":20,"column":36},"end":{"line":20,"column":71}},"line":20},"2":{"name":"(anonymous_2)","decl":{"start":{"line":21,"column":15},"end":{"line":21,"column":16}},"loc":{"start":{"line":21,"column":42},"end":{"line":24,"column":3}},"line":21},"3":{"name":"(anonymous_3)","decl":{"start":{"line":25,"column":12},"end":{"line":25,"column":13}},"loc":{"start":{"line":25,"column":31},"end":{"line":25,"column":62}},"line":25},"4":{"name":"(anonymous_4)","decl":{"start":{"line":26,"column":20},"end":{"line":26,"column":21}},"loc":{"start":{"line":26,"column":26},"end":{"line":26,"column":76}},"line":26},"5":{"name":"(anonymous_5)","decl":{"start":{"line":27,"column":16},"end":{"line":27,"column":17}},"loc":{"start":{"line":27,"column":46},"end":{"line":29,"column":3}},"line":27},"6":{"name":"(anonymous_6)","decl":{"start":{"line":30,"column":11},"end":{"line":30,"column":12}},"loc":{"start":{"line":30,"column":29},"end":{"line":30,"column":60}},"line":30}},"branchMap":{},"s":{"0":1,"1":1,"2":1,"3":0,"4":0,"5":0,"6":0,"7":0,"8":0,"9":0},"f":{"0":1,"1":0,"2":0,"3":0,"4":0,"5":0,"6":0},"b":{},"_coverageSchema":"1a1c01bbd47fc00a2c39e90264f33305004495a9","hash":"195f3b7c552d38ed2d2f2baec1cf2c08fdcda9bf"}
,"/Users/sass/Documents/dev/compass-enterprise-chatbot-mobile/src/stores/userDetailsSlice/index.ts": {"path":"/Users/sass/Documents/dev/compass-enterprise-chatbot-mobile/src/stores/userDetailsSlice/index.ts","statementMap":{"0":{"start":{"line":3,"column":57},"end":{"line":9,"column":1}},"1":{"start":{"line":11,"column":38},"end":{"line":24,"column":2}},"2":{"start":{"line":17,"column":24},"end":{"line":24,"column":1}},"3":{"start":{"line":20,"column":4},"end":{"line":20,"column":48}},"4":{"start":{"line":23,"column":4},"end":{"line":23,"column":59}}},"fnMap":{"0":{"name":"(anonymous_0)","decl":{"start":{"line":11,"column":38},"end":{"line":11,"column":39}},"loc":{"start":{"line":17,"column":24},"end":{"line":24,"column":1}},"line":17},"1":{"name":"(anonymous_1)","decl":{"start":{"line":19,"column":18},"end":{"line":19,"column":19}},"loc":{"start":{"line":19,"column":33},"end":{"line":21,"column":3}},"line":19},"2":{"name":"(anonymous_2)","decl":{"start":{"line":22,"column":20},"end":{"line":22,"column":21}},"loc":{"start":{"line":23,"column":4},"end":{"line":23,"column":59}},"line":23}},"branchMap":{},"s":{"0":1,"1":1,"2":1,"3":0,"4":0},"f":{"0":1,"1":0,"2":0},"b":{},"_coverageSchema":"1a1c01bbd47fc00a2c39e90264f33305004495a9","hash":"0c49b70d88efd6ba5d52531d10bba01ccfa49b09"}
,"/Users/sass/Documents/dev/compass-enterprise-chatbot-mobile/src/translation/config.ts": {"path":"/Users/sass/Documents/dev/compass-enterprise-chatbot-mobile/src/translation/config.ts","statementMap":{"0":{"start":{"line":8,"column":32},"end":{"line":8,"column":41}},"1":{"start":{"line":10,"column":30},"end":{"line":19,"column":1}},"2":{"start":{"line":11,"column":2},"end":{"line":11,"column":38}},"3":{"start":{"line":13,"column":2},"end":{"line":18,"column":4}},"4":{"start":{"line":21,"column":25},"end":{"line":28,"column":1}},"5":{"start":{"line":30,"column":20},"end":{"line":45,"column":1}},"6":{"start":{"line":31,"column":2},"end":{"line":44,"column":3}},"7":{"start":{"line":32,"column":19},"end":{"line":32,"column":23}},"8":{"start":{"line":33,"column":20},"end":{"line":33,"column":67}},"9":{"start":{"line":35,"column":4},"end":{"line":38,"column":5}},"10":{"start":{"line":36,"column":28},"end":{"line":36,"column":47}},"11":{"start":{"line":37,"column":6},"end":{"line":37,"column":48}},"12":{"start":{"line":40,"column":4},"end":{"line":40,"column":20}},"13":{"start":{"line":42,"column":4},"end":{"line":42,"column":73}},"14":{"start":{"line":43,"column":4},"end":{"line":43,"column":16}},"15":{"start":{"line":47,"column":23},"end":{"line":67,"column":1}},"16":{"start":{"line":48,"column":26},"end":{"line":48,"column":45}},"17":{"start":{"line":50,"column":2},"end":{"line":66,"column":5}},"18":{"start":{"line":69,"column":0},"end":{"line":69,"column":17}}},"fnMap":{"0":{"name":"(anonymous_0)","decl":{"start":{"line":10,"column":30},"end":{"line":10,"column":31}},"loc":{"start":{"line":10,"column":58},"end":{"line":19,"column":1}},"line":10},"1":{"name":"(anonymous_1)","decl":{"start":{"line":30,"column":20},"end":{"line":30,"column":21}},"loc":{"start":{"line":30,"column":32},"end":{"line":45,"column":1}},"line":30},"2":{"name":"(anonymous_2)","decl":{"start":{"line":47,"column":23},"end":{"line":47,"column":24}},"loc":{"start":{"line":47,"column":35},"end":{"line":67,"column":1}},"line":47}},"branchMap":{"0":{"loc":{"start":{"line":35,"column":4},"end":{"line":38,"column":5}},"type":"if","locations":[{"start":{"line":35,"column":4},"end":{"line":38,"column":5}},{"start":{},"end":{}}],"line":35},"1":{"loc":{"start":{"line":37,"column":17},"end":{"line":37,"column":47}},"type":"binary-expr","locations":[{"start":{"line":37,"column":17},"end":{"line":37,"column":39}},{"start":{"line":37,"column":43},"end":{"line":37,"column":47}}],"line":37}},"s":{"0":1,"1":1,"2":0,"3":0,"4":1,"5":1,"6":1,"7":1,"8":1,"9":0,"10":0,"11":0,"12":0,"13":1,"14":1,"15":1,"16":1,"17":1,"18":1},"f":{"0":0,"1":1,"2":1},"b":{"0":[0,0],"1":[0,0]},"_coverageSchema":"1a1c01bbd47fc00a2c39e90264f33305004495a9","hash":"a466aef2227a9a66f160d98f5e378dd368c3e044"}
,"/Users/sass/Documents/dev/compass-enterprise-chatbot-mobile/src/utils/UiUtils.ts": {"path":"/Users/sass/Documents/dev/compass-enterprise-chatbot-mobile/src/utils/UiUtils.ts","statementMap":{"0":{"start":{"line":12,"column":53},"end":{"line":12,"column":77}},"1":{"start":{"line":15,"column":23},"end":{"line":15,"column":41}},"2":{"start":{"line":16,"column":24},"end":{"line":16,"column":43}},"3":{"start":{"line":19,"column":2},"end":{"line":19,"column":44}},"4":{"start":{"line":23,"column":2},"end":{"line":23,"column":36}},"5":{"start":{"line":28,"column":4},"end":{"line":28,"column":71}},"6":{"start":{"line":29,"column":2},"end":{"line":29,"column":61}},"7":{"start":{"line":34,"column":2},"end":{"line":34,"column":34}},"8":{"start":{"line":38,"column":2},"end":{"line":38,"column":35}},"9":{"start":{"line":42,"column":2},"end":{"line":42,"column":27}},"10":{"start":{"line":46,"column":2},"end":{"line":46,"column":27}},"11":{"start":{"line":50,"column":2},"end":{"line":50,"column":26}},"12":{"start":{"line":54,"column":2},"end":{"line":54,"column":31}},"13":{"start":{"line":58,"column":2},"end":{"line":58,"column":35}},"14":{"start":{"line":61,"column":24},"end":{"line":64,"column":1}},"15":{"start":{"line":62,"column":24},"end":{"line":62,"column":54}},"16":{"start":{"line":63,"column":2},"end":{"line":63,"column":34}},"17":{"start":{"line":66,"column":25},"end":{"line":74,"column":1}},"18":{"start":{"line":67,"column":2},"end":{"line":73,"column":3}},"19":{"start":{"line":68,"column":4},"end":{"line":68,"column":51}},"20":{"start":{"line":69,"column":9},"end":{"line":73,"column":3}},"21":{"start":{"line":70,"column":4},"end":{"line":70,"column":51}},"22":{"start":{"line":72,"column":4},"end":{"line":72,"column":48}},"23":{"start":{"line":76,"column":22},"end":{"line":84,"column":1}},"24":{"start":{"line":77,"column":2},"end":{"line":83,"column":3}},"25":{"start":{"line":78,"column":4},"end":{"line":78,"column":51}},"26":{"start":{"line":79,"column":9},"end":{"line":83,"column":3}},"27":{"start":{"line":80,"column":4},"end":{"line":80,"column":51}},"28":{"start":{"line":82,"column":4},"end":{"line":82,"column":48}},"29":{"start":{"line":86,"column":22},"end":{"line":92,"column":1}},"30":{"start":{"line":87,"column":2},"end":{"line":91,"column":3}},"31":{"start":{"line":88,"column":4},"end":{"line":88,"column":56}},"32":{"start":{"line":89,"column":9},"end":{"line":91,"column":3}},"33":{"start":{"line":90,"column":4},"end":{"line":90,"column":56}},"34":{"start":{"line":95,"column":2},"end":{"line":101,"column":3}},"35":{"start":{"line":96,"column":4},"end":{"line":96,"column":66}},"36":{"start":{"line":97,"column":9},"end":{"line":101,"column":3}},"37":{"start":{"line":98,"column":4},"end":{"line":98,"column":66}},"38":{"start":{"line":100,"column":4},"end":{"line":100,"column":63}},"39":{"start":{"line":105,"column":2},"end":{"line":109,"column":3}},"40":{"start":{"line":106,"column":4},"end":{"line":106,"column":31}},"41":{"start":{"line":108,"column":4},"end":{"line":108,"column":32}},"42":{"start":{"line":110,"column":2},"end":{"line":112,"column":11}},"43":{"start":{"line":111,"column":4},"end":{"line":111,"column":24}},"44":{"start":{"line":116,"column":2},"end":{"line":116,"column":35}}},"fnMap":{"0":{"name":"styleSheetCompose","decl":{"start":{"line":18,"column":9},"end":{"line":18,"column":26}},"loc":{"start":{"line":18,"column":79},"end":{"line":20,"column":1}},"line":18},"1":{"name":"styleSheetFlatten","decl":{"start":{"line":22,"column":9},"end":{"line":22,"column":26}},"loc":{"start":{"line":22,"column":66},"end":{"line":24,"column":1}},"line":22},"2":{"name":"normalize","decl":{"start":{"line":26,"column":9},"end":{"line":26,"column":18}},"loc":{"start":{"line":26,"column":66},"end":{"line":30,"column":1}},"line":26},"3":{"name":"widthPixel","decl":{"start":{"line":33,"column":9},"end":{"line":33,"column":19}},"loc":{"start":{"line":33,"column":42},"end":{"line":35,"column":1}},"line":33},"4":{"name":"heightPixel","decl":{"start":{"line":37,"column":9},"end":{"line":37,"column":20}},"loc":{"start":{"line":37,"column":43},"end":{"line":39,"column":1}},"line":37},"5":{"name":"fontPixel","decl":{"start":{"line":41,"column":9},"end":{"line":41,"column":18}},"loc":{"start":{"line":41,"column":41},"end":{"line":43,"column":1}},"line":41},"6":{"name":"pixelSizeVertical","decl":{"start":{"line":45,"column":9},"end":{"line":45,"column":26}},"loc":{"start":{"line":45,"column":49},"end":{"line":47,"column":1}},"line":45},"7":{"name":"pixelSizeHorizontal","decl":{"start":{"line":49,"column":9},"end":{"line":49,"column":28}},"loc":{"start":{"line":49,"column":51},"end":{"line":51,"column":1}},"line":49},"8":{"name":"isIos","decl":{"start":{"line":53,"column":16},"end":{"line":53,"column":21}},"loc":{"start":{"line":53,"column":33},"end":{"line":55,"column":1}},"line":53},"9":{"name":"isAndroid","decl":{"start":{"line":57,"column":16},"end":{"line":57,"column":25}},"loc":{"start":{"line":57,"column":37},"end":{"line":59,"column":1}},"line":57},"10":{"name":"(anonymous_10)","decl":{"start":{"line":61,"column":24},"end":{"line":61,"column":25}},"loc":{"start":{"line":61,"column":51},"end":{"line":64,"column":1}},"line":61},"11":{"name":"(anonymous_11)","decl":{"start":{"line":66,"column":25},"end":{"line":66,"column":26}},"loc":{"start":{"line":66,"column":73},"end":{"line":74,"column":1}},"line":66},"12":{"name":"(anonymous_12)","decl":{"start":{"line":76,"column":22},"end":{"line":76,"column":23}},"loc":{"start":{"line":76,"column":70},"end":{"line":84,"column":1}},"line":76},"13":{"name":"(anonymous_13)","decl":{"start":{"line":86,"column":22},"end":{"line":86,"column":23}},"loc":{"start":{"line":86,"column":70},"end":{"line":92,"column":1}},"line":86},"14":{"name":"flexDirection","decl":{"start":{"line":94,"column":9},"end":{"line":94,"column":22}},"loc":{"start":{"line":94,"column":56},"end":{"line":102,"column":1}},"line":94},"15":{"name":"languageRestart","decl":{"start":{"line":104,"column":9},"end":{"line":104,"column":24}},"loc":{"start":{"line":104,"column":43},"end":{"line":113,"column":1}},"line":104},"16":{"name":"(anonymous_16)","decl":{"start":{"line":110,"column":13},"end":{"line":110,"column":14}},"loc":{"start":{"line":110,"column":19},"end":{"line":112,"column":3}},"line":110},"17":{"name":"showToast","decl":{"start":{"line":115,"column":9},"end":{"line":115,"column":18}},"loc":{"start":{"line":115,"column":36},"end":{"line":117,"column":1}},"line":115}},"branchMap":{"0":{"loc":{"start":{"line":26,"column":33},"end":{"line":26,"column":56}},"type":"default-arg","locations":[{"start":{"line":26,"column":49},"end":{"line":26,"column":56}}],"line":26},"1":{"loc":{"start":{"line":28,"column":4},"end":{"line":28,"column":71}},"type":"cond-expr","locations":[{"start":{"line":28,"column":25},"end":{"line":28,"column":47}},{"start":{"line":28,"column":50},"end":{"line":28,"column":71}}],"line":28},"2":{"loc":{"start":{"line":67,"column":2},"end":{"line":73,"column":3}},"type":"if","locations":[{"start":{"line":67,"column":2},"end":{"line":73,"column":3}},{"start":{"line":69,"column":9},"end":{"line":73,"column":3}}],"line":67},"3":{"loc":{"start":{"line":67,"column":6},"end":{"line":67,"column":39}},"type":"binary-expr","locations":[{"start":{"line":67,"column":6},"end":{"line":67,"column":23}},{"start":{"line":67,"column":27},"end":{"line":67,"column":39}}],"line":67},"4":{"loc":{"start":{"line":68,"column":11},"end":{"line":68,"column":50}},"type":"cond-expr","locations":[{"start":{"line":68,"column":34},"end":{"line":68,"column":41}},{"start":{"line":68,"column":44},"end":{"line":68,"column":50}}],"line":68},"5":{"loc":{"start":{"line":68,"column":20},"end":{"line":68,"column":30}},"type":"binary-expr","locations":[{"start":{"line":68,"column":20},"end":{"line":68,"column":24}},{"start":{"line":68,"column":28},"end":{"line":68,"column":30}}],"line":68},"6":{"loc":{"start":{"line":69,"column":9},"end":{"line":73,"column":3}},"type":"if","locations":[{"start":{"line":69,"column":9},"end":{"line":73,"column":3}},{"start":{"line":71,"column":9},"end":{"line":73,"column":3}}],"line":69},"7":{"loc":{"start":{"line":69,"column":13},"end":{"line":69,"column":46}},"type":"binary-expr","locations":[{"start":{"line":69,"column":13},"end":{"line":69,"column":30}},{"start":{"line":69,"column":34},"end":{"line":69,"column":46}}],"line":69},"8":{"loc":{"start":{"line":70,"column":11},"end":{"line":70,"column":50}},"type":"cond-expr","locations":[{"start":{"line":70,"column":34},"end":{"line":70,"column":41}},{"start":{"line":70,"column":44},"end":{"line":70,"column":50}}],"line":70},"9":{"loc":{"start":{"line":70,"column":20},"end":{"line":70,"column":30}},"type":"binary-expr","locations":[{"start":{"line":70,"column":20},"end":{"line":70,"column":24}},{"start":{"line":70,"column":28},"end":{"line":70,"column":30}}],"line":70},"10":{"loc":{"start":{"line":72,"column":11},"end":{"line":72,"column":47}},"type":"cond-expr","locations":[{"start":{"line":72,"column":31},"end":{"line":72,"column":38}},{"start":{"line":72,"column":41},"end":{"line":72,"column":47}}],"line":72},"11":{"loc":{"start":{"line":77,"column":2},"end":{"line":83,"column":3}},"type":"if","locations":[{"start":{"line":77,"column":2},"end":{"line":83,"column":3}},{"start":{"line":79,"column":9},"end":{"line":83,"column":3}}],"line":77},"12":{"loc":{"start":{"line":77,"column":6},"end":{"line":77,"column":39}},"type":"binary-expr","locations":[{"start":{"line":77,"column":6},"end":{"line":77,"column":23}},{"start":{"line":77,"column":27},"end":{"line":77,"column":39}}],"line":77},"13":{"loc":{"start":{"line":78,"column":11},"end":{"line":78,"column":50}},"type":"cond-expr","locations":[{"start":{"line":78,"column":34},"end":{"line":78,"column":40}},{"start":{"line":78,"column":43},"end":{"line":78,"column":50}}],"line":78},"14":{"loc":{"start":{"line":78,"column":20},"end":{"line":78,"column":30}},"type":"binary-expr","locations":[{"start":{"line":78,"column":20},"end":{"line":78,"column":24}},{"start":{"line":78,"column":28},"end":{"line":78,"column":30}}],"line":78},"15":{"loc":{"start":{"line":79,"column":9},"end":{"line":83,"column":3}},"type":"if","locations":[{"start":{"line":79,"column":9},"end":{"line":83,"column":3}},{"start":{"line":81,"column":9},"end":{"line":83,"column":3}}],"line":79},"16":{"loc":{"start":{"line":79,"column":13},"end":{"line":79,"column":46}},"type":"binary-expr","locations":[{"start":{"line":79,"column":13},"end":{"line":79,"column":30}},{"start":{"line":79,"column":34},"end":{"line":79,"column":46}}],"line":79},"17":{"loc":{"start":{"line":80,"column":11},"end":{"line":80,"column":50}},"type":"cond-expr","locations":[{"start":{"line":80,"column":34},"end":{"line":80,"column":41}},{"start":{"line":80,"column":44},"end":{"line":80,"column":50}}],"line":80},"18":{"loc":{"start":{"line":80,"column":20},"end":{"line":80,"column":30}},"type":"binary-expr","locations":[{"start":{"line":80,"column":20},"end":{"line":80,"column":24}},{"start":{"line":80,"column":28},"end":{"line":80,"column":30}}],"line":80},"19":{"loc":{"start":{"line":82,"column":11},"end":{"line":82,"column":47}},"type":"cond-expr","locations":[{"start":{"line":82,"column":31},"end":{"line":82,"column":38}},{"start":{"line":82,"column":41},"end":{"line":82,"column":47}}],"line":82},"20":{"loc":{"start":{"line":87,"column":2},"end":{"line":91,"column":3}},"type":"if","locations":[{"start":{"line":87,"column":2},"end":{"line":91,"column":3}},{"start":{"line":89,"column":9},"end":{"line":91,"column":3}}],"line":87},"21":{"loc":{"start":{"line":87,"column":6},"end":{"line":87,"column":39}},"type":"binary-expr","locations":[{"start":{"line":87,"column":6},"end":{"line":87,"column":23}},{"start":{"line":87,"column":27},"end":{"line":87,"column":39}}],"line":87},"22":{"loc":{"start":{"line":88,"column":11},"end":{"line":88,"column":55}},"type":"cond-expr","locations":[{"start":{"line":88,"column":34},"end":{"line":88,"column":39}},{"start":{"line":88,"column":42},"end":{"line":88,"column":55}}],"line":88},"23":{"loc":{"start":{"line":88,"column":20},"end":{"line":88,"column":30}},"type":"binary-expr","locations":[{"start":{"line":88,"column":20},"end":{"line":88,"column":24}},{"start":{"line":88,"column":28},"end":{"line":88,"column":30}}],"line":88},"24":{"loc":{"start":{"line":89,"column":9},"end":{"line":91,"column":3}},"type":"if","locations":[{"start":{"line":89,"column":9},"end":{"line":91,"column":3}},{"start":{},"end":{}}],"line":89},"25":{"loc":{"start":{"line":89,"column":13},"end":{"line":89,"column":46}},"type":"binary-expr","locations":[{"start":{"line":89,"column":13},"end":{"line":89,"column":30}},{"start":{"line":89,"column":34},"end":{"line":89,"column":46}}],"line":89},"26":{"loc":{"start":{"line":90,"column":11},"end":{"line":90,"column":55}},"type":"cond-expr","locations":[{"start":{"line":90,"column":34},"end":{"line":90,"column":47}},{"start":{"line":90,"column":50},"end":{"line":90,"column":55}}],"line":90},"27":{"loc":{"start":{"line":90,"column":20},"end":{"line":90,"column":30}},"type":"binary-expr","locations":[{"start":{"line":90,"column":20},"end":{"line":90,"column":24}},{"start":{"line":90,"column":28},"end":{"line":90,"column":30}}],"line":90},"28":{"loc":{"start":{"line":95,"column":2},"end":{"line":101,"column":3}},"type":"if","locations":[{"start":{"line":95,"column":2},"end":{"line":101,"column":3}},{"start":{"line":97,"column":9},"end":{"line":101,"column":3}}],"line":95},"29":{"loc":{"start":{"line":95,"column":6},"end":{"line":95,"column":39}},"type":"binary-expr","locations":[{"start":{"line":95,"column":6},"end":{"line":95,"column":23}},{"start":{"line":95,"column":27},"end":{"line":95,"column":39}}],"line":95},"30":{"loc":{"start":{"line":96,"column":11},"end":{"line":96,"column":65}},"type":"cond-expr","locations":[{"start":{"line":96,"column":34},"end":{"line":96,"column":44}},{"start":{"line":96,"column":47},"end":{"line":96,"column":65}}],"line":96},"31":{"loc":{"start":{"line":96,"column":20},"end":{"line":96,"column":30}},"type":"binary-expr","locations":[{"start":{"line":96,"column":20},"end":{"line":96,"column":24}},{"start":{"line":96,"column":28},"end":{"line":96,"column":30}}],"line":96},"32":{"loc":{"start":{"line":97,"column":9},"end":{"line":101,"column":3}},"type":"if","locations":[{"start":{"line":97,"column":9},"end":{"line":101,"column":3}},{"start":{"line":99,"column":9},"end":{"line":101,"column":3}}],"line":97},"33":{"loc":{"start":{"line":97,"column":13},"end":{"line":97,"column":46}},"type":"binary-expr","locations":[{"start":{"line":97,"column":13},"end":{"line":97,"column":30}},{"start":{"line":97,"column":34},"end":{"line":97,"column":46}}],"line":97},"34":{"loc":{"start":{"line":98,"column":11},"end":{"line":98,"column":65}},"type":"cond-expr","locations":[{"start":{"line":98,"column":34},"end":{"line":98,"column":52}},{"start":{"line":98,"column":55},"end":{"line":98,"column":65}}],"line":98},"35":{"loc":{"start":{"line":98,"column":20},"end":{"line":98,"column":30}},"type":"binary-expr","locations":[{"start":{"line":98,"column":20},"end":{"line":98,"column":24}},{"start":{"line":98,"column":28},"end":{"line":98,"column":30}}],"line":98},"36":{"loc":{"start":{"line":100,"column":11},"end":{"line":100,"column":62}},"type":"cond-expr","locations":[{"start":{"line":100,"column":31},"end":{"line":100,"column":49}},{"start":{"line":100,"column":52},"end":{"line":100,"column":62}}],"line":100},"37":{"loc":{"start":{"line":105,"column":2},"end":{"line":109,"column":3}},"type":"if","locations":[{"start":{"line":105,"column":2},"end":{"line":109,"column":3}},{"start":{"line":107,"column":9},"end":{"line":109,"column":3}}],"line":105},"38":{"loc":{"start":{"line":105,"column":6},"end":{"line":105,"column":45}},"type":"binary-expr","locations":[{"start":{"line":105,"column":6},"end":{"line":105,"column":23}},{"start":{"line":105,"column":27},"end":{"line":105,"column":45}}],"line":105}},"s":{"0":1,"1":1,"2":1,"3":0,"4":0,"5":0,"6":0,"7":0,"8":0,"9":0,"10":0,"11":0,"12":0,"13":0,"14":1,"15":0,"16":0,"17":1,"18":0,"19":0,"20":0,"21":0,"22":0,"23":1,"24":0,"25":0,"26":0,"27":0,"28":0,"29":1,"30":0,"31":0,"32":0,"33":0,"34":0,"35":0,"36":0,"37":0,"38":0,"39":0,"40":0,"41":0,"42":0,"43":0,"44":0},"f":{"0":0,"1":0,"2":0,"3":0,"4":0,"5":0,"6":0,"7":0,"8":0,"9":0,"10":0,"11":0,"12":0,"13":0,"14":0,"15":0,"16":0,"17":0},"b":{"0":[0],"1":[0,0],"2":[0,0],"3":[0,0],"4":[0,0],"5":[0,0],"6":[0,0],"7":[0,0],"8":[0,0],"9":[0,0],"10":[0,0],"11":[0,0],"12":[0,0],"13":[0,0],"14":[0,0],"15":[0,0],"16":[0,0],"17":[0,0],"18":[0,0],"19":[0,0],"20":[0,0],"21":[0,0],"22":[0,0],"23":[0,0],"24":[0,0],"25":[0,0],"26":[0,0],"27":[0,0],"28":[0,0],"29":[0,0],"30":[0,0],"31":[0,0],"32":[0,0],"33":[0,0],"34":[0,0],"35":[0,0],"36":[0,0],"37":[0,0],"38":[0,0]},"_coverageSchema":"1a1c01bbd47fc00a2c39e90264f33305004495a9","hash":"2d7b64926791d21df28a4b18bbea0ba70e244634"}
}
