TN:
SF:src/components/PromptCard/index.tsx
FN:12,(anonymous_0)
FN:15,(anonymous_1)
FN:21,(anonymous_2)
FNF:3
FNH:2
FNDA:2,(anonymous_0)
FNDA:0,(anonymous_1)
FNDA:1,(anonymous_2)
DA:12,1
DA:18,2
DA:21,1
LF:3
LH:3
BRDA:13,0,0,0
BRDA:14,1,0,2
BRDA:15,2,0,0
BRF:3
BRH:1
end_of_record
TN:
SF:src/components/custom/CustomText.tsx
FN:12,CustomText
FN:18,(anonymous_1)
FNF:2
FNH:2
FNDA:2,CustomText
FNDA:2,(anonymous_1)
DA:18,2
DA:20,2
LF:2
LH:2
BRDA:25,0,0,2
BRDA:25,0,1,0
BRDA:26,1,0,2
BRDA:26,1,1,0
BRF:4
BRH:2
end_of_record
TN:
SF:src/components/custom/CustomTouchableOpacity.tsx
FN:12,(anonymous_0)
FN:29,(anonymous_1)
FNF:2
FNH:2
FNDA:2,(anonymous_0)
FNDA:1,(anonymous_1)
DA:12,1
DA:17,2
DA:18,2
DA:20,2
DA:30,1
DA:31,0
DA:32,0
DA:35,1
LF:8
LH:6
BRDA:30,0,0,0
BRDA:30,0,1,1
BRF:2
BRH:1
end_of_record
TN:
SF:src/stores/index.ts
FN:11,(anonymous_0)
FN:18,(anonymous_1)
FN:19,(anonymous_2)
FN:22,(anonymous_3)
FNF:4
FNH:2
FNDA:1,(anonymous_0)
FNDA:1,(anonymous_1)
FNDA:0,(anonymous_2)
FNDA:0,(anonymous_3)
DA:9,1
DA:11,1
DA:18,1
DA:20,0
DA:23,0
LF:5
LH:3
BRF:0
BRH:0
end_of_record
TN:
SF:src/stores/chatSlice/index.ts
FN:40,(anonymous_0)
FN:48,(anonymous_1)
FN:51,(anonymous_2)
FN:54,(anonymous_3)
FN:57,(anonymous_4)
FN:59,(anonymous_5)
FN:62,(anonymous_6)
FN:65,(anonymous_7)
FN:68,(anonymous_8)
FN:71,(anonymous_9)
FN:81,(anonymous_10)
FN:84,(anonymous_11)
FN:98,(anonymous_12)
FN:121,(anonymous_13)
FN:123,(anonymous_14)
FNF:15
FNH:1
FNDA:1,(anonymous_0)
FNDA:0,(anonymous_1)
FNDA:0,(anonymous_2)
FNDA:0,(anonymous_3)
FNDA:0,(anonymous_4)
FNDA:0,(anonymous_5)
FNDA:0,(anonymous_6)
FNDA:0,(anonymous_7)
FNDA:0,(anonymous_8)
FNDA:0,(anonymous_9)
FNDA:0,(anonymous_10)
FNDA:0,(anonymous_11)
FNDA:0,(anonymous_12)
FNDA:0,(anonymous_13)
FNDA:0,(anonymous_14)
DA:11,1
DA:40,1
DA:46,1
DA:49,0
DA:52,0
DA:55,0
DA:57,0
DA:60,0
DA:63,0
DA:66,0
DA:69,0
DA:75,0
DA:82,0
DA:85,0
DA:99,0
DA:122,0
DA:124,0
LF:17
LH:3
BRF:0
BRH:0
end_of_record
TN:
SF:src/stores/settingSlice/index.ts
FN:12,(anonymous_0)
FN:20,(anonymous_1)
FN:21,(anonymous_2)
FN:25,(anonymous_3)
FN:26,(anonymous_4)
FN:27,(anonymous_5)
FN:30,(anonymous_6)
FNF:7
FNH:1
FNDA:1,(anonymous_0)
FNDA:0,(anonymous_1)
FNDA:0,(anonymous_2)
FNDA:0,(anonymous_3)
FNDA:0,(anonymous_4)
FNDA:0,(anonymous_5)
FNDA:0,(anonymous_6)
DA:4,1
DA:12,1
DA:18,1
DA:20,0
DA:22,0
DA:23,0
DA:25,0
DA:26,0
DA:28,0
DA:30,0
LF:10
LH:3
BRF:0
BRH:0
end_of_record
TN:
SF:src/stores/userDetailsSlice/index.ts
FN:11,(anonymous_0)
FN:19,(anonymous_1)
FN:22,(anonymous_2)
FNF:3
FNH:1
FNDA:1,(anonymous_0)
FNDA:0,(anonymous_1)
FNDA:0,(anonymous_2)
DA:3,1
DA:11,1
DA:17,1
DA:20,0
DA:23,0
LF:5
LH:3
BRF:0
BRH:0
end_of_record
TN:
SF:src/translation/config.ts
FN:10,(anonymous_0)
FN:30,(anonymous_1)
FN:47,(anonymous_2)
FNF:3
FNH:2
FNDA:0,(anonymous_0)
FNDA:1,(anonymous_1)
FNDA:1,(anonymous_2)
DA:8,1
DA:10,1
DA:11,0
DA:13,0
DA:21,1
DA:30,1
DA:31,1
DA:32,1
DA:33,1
DA:35,0
DA:36,0
DA:37,0
DA:40,0
DA:42,1
DA:43,1
DA:47,1
DA:48,1
DA:50,1
DA:69,1
LF:19
LH:13
BRDA:35,0,0,0
BRDA:35,0,1,0
BRDA:37,1,0,0
BRDA:37,1,1,0
BRF:4
BRH:0
end_of_record
TN:
SF:src/utils/UiUtils.ts
FN:18,styleSheetCompose
FN:22,styleSheetFlatten
FN:26,normalize
FN:33,widthPixel
FN:37,heightPixel
FN:41,fontPixel
FN:45,pixelSizeVertical
FN:49,pixelSizeHorizontal
FN:53,isIos
FN:57,isAndroid
FN:61,(anonymous_10)
FN:66,(anonymous_11)
FN:76,(anonymous_12)
FN:86,(anonymous_13)
FN:94,flexDirection
FN:104,languageRestart
FN:110,(anonymous_16)
FN:115,showToast
FNF:18
FNH:0
FNDA:0,styleSheetCompose
FNDA:0,styleSheetFlatten
FNDA:0,normalize
FNDA:0,widthPixel
FNDA:0,heightPixel
FNDA:0,fontPixel
FNDA:0,pixelSizeVertical
FNDA:0,pixelSizeHorizontal
FNDA:0,isIos
FNDA:0,isAndroid
FNDA:0,(anonymous_10)
FNDA:0,(anonymous_11)
FNDA:0,(anonymous_12)
FNDA:0,(anonymous_13)
FNDA:0,flexDirection
FNDA:0,languageRestart
FNDA:0,(anonymous_16)
FNDA:0,showToast
DA:12,1
DA:15,1
DA:16,1
DA:19,0
DA:23,0
DA:28,0
DA:29,0
DA:34,0
DA:38,0
DA:42,0
DA:46,0
DA:50,0
DA:54,0
DA:58,0
DA:61,1
DA:62,0
DA:63,0
DA:66,1
DA:67,0
DA:68,0
DA:69,0
DA:70,0
DA:72,0
DA:76,1
DA:77,0
DA:78,0
DA:79,0
DA:80,0
DA:82,0
DA:86,1
DA:87,0
DA:88,0
DA:89,0
DA:90,0
DA:95,0
DA:96,0
DA:97,0
DA:98,0
DA:100,0
DA:105,0
DA:106,0
DA:108,0
DA:110,0
DA:111,0
DA:116,0
LF:45
LH:7
BRDA:26,0,0,0
BRDA:28,1,0,0
BRDA:28,1,1,0
BRDA:67,2,0,0
BRDA:67,2,1,0
BRDA:67,3,0,0
BRDA:67,3,1,0
BRDA:68,4,0,0
BRDA:68,4,1,0
BRDA:68,5,0,0
BRDA:68,5,1,0
BRDA:69,6,0,0
BRDA:69,6,1,0
BRDA:69,7,0,0
BRDA:69,7,1,0
BRDA:70,8,0,0
BRDA:70,8,1,0
BRDA:70,9,0,0
BRDA:70,9,1,0
BRDA:72,10,0,0
BRDA:72,10,1,0
BRDA:77,11,0,0
BRDA:77,11,1,0
BRDA:77,12,0,0
BRDA:77,12,1,0
BRDA:78,13,0,0
BRDA:78,13,1,0
BRDA:78,14,0,0
BRDA:78,14,1,0
BRDA:79,15,0,0
BRDA:79,15,1,0
BRDA:79,16,0,0
BRDA:79,16,1,0
BRDA:80,17,0,0
BRDA:80,17,1,0
BRDA:80,18,0,0
BRDA:80,18,1,0
BRDA:82,19,0,0
BRDA:82,19,1,0
BRDA:87,20,0,0
BRDA:87,20,1,0
BRDA:87,21,0,0
BRDA:87,21,1,0
BRDA:88,22,0,0
BRDA:88,22,1,0
BRDA:88,23,0,0
BRDA:88,23,1,0
BRDA:89,24,0,0
BRDA:89,24,1,0
BRDA:89,25,0,0
BRDA:89,25,1,0
BRDA:90,26,0,0
BRDA:90,26,1,0
BRDA:90,27,0,0
BRDA:90,27,1,0
BRDA:95,28,0,0
BRDA:95,28,1,0
BRDA:95,29,0,0
BRDA:95,29,1,0
BRDA:96,30,0,0
BRDA:96,30,1,0
BRDA:96,31,0,0
BRDA:96,31,1,0
BRDA:97,32,0,0
BRDA:97,32,1,0
BRDA:97,33,0,0
BRDA:97,33,1,0
BRDA:98,34,0,0
BRDA:98,34,1,0
BRDA:98,35,0,0
BRDA:98,35,1,0
BRDA:100,36,0,0
BRDA:100,36,1,0
BRDA:105,37,0,0
BRDA:105,37,1,0
BRDA:105,38,0,0
BRDA:105,38,1,0
BRF:77
BRH:0
end_of_record
